<?xml version="1.0" encoding="UTF-8"?>
<coverage generated="1762095667">
  <project timestamp="1762095667">
    <file name="/home/bartosz/dev/idct/symfony-nats-messenger/src/NatsTransport.php">
      <class name="IDCT\NatsMessenger\NatsTransport" namespace="global">
        <metrics complexity="50" methods="12" coveredmethods="11" conditionals="0" coveredconditionals="0" statements="128" coveredstatements="124" elements="140" coveredelements="135"/>
      </class>
      <line num="145" type="method" name="__construct" visibility="public" complexity="1" crap="1" count="72"/>
      <line num="147" type="stmt" count="72"/>
      <line num="148" type="stmt" count="61"/>
      <line num="164" type="method" name="send" visibility="public" complexity="4" crap="4" count="10"/>
      <line num="167" type="stmt" count="10"/>
      <line num="168" type="stmt" count="1"/>
      <line num="172" type="stmt" count="10"/>
      <line num="173" type="stmt" count="10"/>
      <line num="177" type="stmt" count="10"/>
      <line num="179" type="stmt" count="8"/>
      <line num="180" type="stmt" count="2"/>
      <line num="182" type="stmt" count="2"/>
      <line num="183" type="stmt" count="2"/>
      <line num="184" type="stmt" count="1"/>
      <line num="186" type="stmt" count="1"/>
      <line num="189" type="stmt" count="8"/>
      <line num="205" type="method" name="get" visibility="public" complexity="4" crap="4.59" count="6"/>
      <line num="208" type="stmt" count="6"/>
      <line num="210" type="stmt" count="6"/>
      <line num="213" type="stmt" count="6"/>
      <line num="215" type="stmt" count="6"/>
      <line num="216" type="stmt" count="0"/>
      <line num="221" type="stmt" count="6"/>
      <line num="223" type="stmt" count="6"/>
      <line num="224" type="stmt" count="6"/>
      <line num="225" type="stmt" count="0"/>
      <line num="227" type="stmt" count="0"/>
      <line num="228" type="stmt" count="0"/>
      <line num="232" type="stmt" count="6"/>
      <line num="243" type="method" name="sendNak" visibility="protected" complexity="1" crap="1" count="2"/>
      <line num="245" type="stmt" count="2"/>
      <line num="246" type="stmt" count="2"/>
      <line num="247" type="stmt" count="2"/>
      <line num="248" type="stmt" count="2"/>
      <line num="260" type="method" name="ack" visibility="public" complexity="1" crap="1" count="2"/>
      <line num="262" type="stmt" count="2"/>
      <line num="263" type="stmt" count="1"/>
      <line num="264" type="stmt" count="1"/>
      <line num="265" type="stmt" count="1"/>
      <line num="276" type="method" name="reject" visibility="public" complexity="1" crap="1" count="2"/>
      <line num="278" type="stmt" count="2"/>
      <line num="279" type="stmt" count="1"/>
      <line num="295" type="method" name="connect" visibility="protected" complexity="4" crap="4" count="61"/>
      <line num="298" type="stmt" count="61"/>
      <line num="299" type="stmt" count="61"/>
      <line num="303" type="stmt" count="61"/>
      <line num="304" type="stmt" count="61"/>
      <line num="308" type="stmt" count="61"/>
      <line num="309" type="stmt" count="61"/>
      <line num="310" type="stmt" count="61"/>
      <line num="311" type="stmt" count="61"/>
      <line num="331" type="method" name="getMessageCount" visibility="public" complexity="5" crap="5" count="7"/>
      <line num="335" type="stmt" count="7"/>
      <line num="337" type="stmt" count="4"/>
      <line num="338" type="stmt" count="2"/>
      <line num="343" type="stmt" count="2"/>
      <line num="344" type="stmt" count="2"/>
      <line num="347" type="stmt" count="2"/>
      <line num="348" type="stmt" count="3"/>
      <line num="351" type="stmt" count="3"/>
      <line num="353" type="stmt" count="2"/>
      <line num="354" type="stmt" count="1"/>
      <line num="357" type="stmt" count="1"/>
      <line num="358" type="stmt" count="1"/>
      <line num="360" type="stmt" count="1"/>
      <line num="374" type="method" name="decodeJsonInfo" visibility="private" complexity="4" crap="4" count="9"/>
      <line num="376" type="stmt" count="9"/>
      <line num="377" type="stmt" count="4"/>
      <line num="380" type="stmt" count="6"/>
      <line num="381" type="stmt" count="6"/>
      <line num="399" type="method" name="setup" visibility="public" complexity="9" crap="9" count="16"/>
      <line num="403" type="stmt" count="16"/>
      <line num="406" type="stmt" count="15"/>
      <line num="409" type="stmt" count="14"/>
      <line num="412" type="stmt" count="13"/>
      <line num="413" type="stmt" count="1"/>
      <line num="414" type="stmt" count="1"/>
      <line num="418" type="stmt" count="13"/>
      <line num="419" type="stmt" count="1"/>
      <line num="423" type="stmt" count="13"/>
      <line num="424" type="stmt" count="13"/>
      <line num="428" type="stmt" count="13"/>
      <line num="429" type="stmt" count="12"/>
      <line num="432" type="stmt" count="12"/>
      <line num="433" type="stmt" count="11"/>
      <line num="434" type="stmt" count="11"/>
      <line num="435" type="stmt" count="11"/>
      <line num="436" type="stmt" count="11"/>
      <line num="438" type="stmt" count="10"/>
      <line num="441" type="stmt" count="10"/>
      <line num="442" type="stmt" count="9"/>
      <line num="443" type="stmt" count="9"/>
      <line num="446" type="stmt" count="8"/>
      <line num="447" type="stmt" count="8"/>
      <line num="461" type="method" name="findReceivedStamp" visibility="private" complexity="2" crap="2" count="7"/>
      <line num="464" type="stmt" count="7"/>
      <line num="466" type="stmt" count="7"/>
      <line num="467" type="stmt" count="3"/>
      <line num="470" type="stmt" count="4"/>
      <line num="491" type="method" name="buildFromDsn" visibility="protected" complexity="14" crap="14" count="72"/>
      <line num="494" type="stmt" count="72"/>
      <line num="495" type="stmt" count="1"/>
      <line num="499" type="stmt" count="71"/>
      <line num="500" type="stmt" count="2"/>
      <line num="504" type="stmt" count="69"/>
      <line num="505" type="stmt" count="69"/>
      <line num="506" type="stmt" count="69"/>
      <line num="507" type="stmt" count="69"/>
      <line num="510" type="stmt" count="69"/>
      <line num="511" type="stmt" count="2"/>
      <line num="514" type="stmt" count="67"/>
      <line num="517" type="stmt" count="67"/>
      <line num="518" type="stmt" count="2"/>
      <line num="522" type="stmt" count="65"/>
      <line num="523" type="stmt" count="65"/>
      <line num="524" type="stmt" count="4"/>
      <line num="528" type="stmt" count="65"/>
      <line num="529" type="stmt" count="65"/>
      <line num="532" type="stmt" count="65"/>
      <line num="533" type="stmt" count="65"/>
      <line num="534" type="stmt" count="65"/>
      <line num="535" type="stmt" count="65"/>
      <line num="536" type="stmt" count="65"/>
      <line num="537" type="stmt" count="65"/>
      <line num="538" type="stmt" count="65"/>
      <line num="539" type="stmt" count="65"/>
      <line num="542" type="stmt" count="65"/>
      <line num="543" type="stmt" count="61"/>
      <line num="544" type="stmt" count="61"/>
      <line num="548" type="stmt" count="65"/>
      <line num="549" type="stmt" count="65"/>
      <line num="550" type="stmt" count="4"/>
      <line num="553" type="stmt" count="61"/>
      <line num="556" type="stmt" count="61"/>
      <line num="557" type="stmt" count="61"/>
      <line num="560" type="stmt" count="61"/>
      <line num="562" type="stmt" count="61"/>
      <line num="563" type="stmt" count="61"/>
      <line num="564" type="stmt" count="61"/>
      <line num="565" type="stmt" count="61"/>
      <metrics loc="568" ncloc="308" classes="1" methods="12" coveredmethods="11" conditionals="0" coveredconditionals="0" statements="128" coveredstatements="124" elements="140" coveredelements="135"/>
    </file>
    <file name="/home/bartosz/dev/idct/symfony-nats-messenger/src/NatsTransportFactory.php">
      <class name="IDCT\NatsMessenger\NatsTransportFactory" namespace="global">
        <metrics complexity="2" methods="2" coveredmethods="2" conditionals="0" coveredconditionals="0" statements="2" coveredstatements="2" elements="4" coveredelements="4"/>
      </class>
      <line num="45" type="method" name="createTransport" visibility="public" complexity="1" crap="1" count="3"/>
      <line num="50" type="stmt" count="3"/>
      <line num="63" type="method" name="supports" visibility="public" complexity="1" crap="1" count="6"/>
      <line num="65" type="stmt" count="6"/>
      <metrics loc="67" ncloc="23" classes="1" methods="2" coveredmethods="2" conditionals="0" coveredconditionals="0" statements="2" coveredstatements="2" elements="4" coveredelements="4"/>
    </file>
    <metrics files="2" loc="635" ncloc="331" classes="2" methods="14" coveredmethods="13" conditionals="0" coveredconditionals="0" statements="130" coveredstatements="126" elements="144" coveredelements="139"/>
  </project>
</coverage>
